<?xml version="1.0" encoding="UTF-8" ?>
<testsuites name="vitest tests" tests="1" failures="0" errors="0" time="0.002562833">
    <testsuite name="tests/unit/test-handler.test.ts" timestamp="2025-04-11T14:11:41.392Z" hostname="GDS11330" tests="1" failures="0" errors="0" skipped="0" time="0.002562833">
        <testcase classname="tests/unit/test-handler.test.ts" name="Unit test for app handler &gt; verifies successful response" time="0.001972875">
            <system-out>
Trigger function = PostAuthentication_Authentication
Trigger function = 123
Trigger function = abc123
Trigger function = test-user

            </system-out>
        </testcase>
    </testsuite>
</testsuites>
